NODE_ENV=staging
SEQUELIZE_DATABASE='ch_1572739200'
SEQUELIZE_USERNAME='ch_root_1572739200'
SEQUELIZE_PASSWORD='toor'
SEQUELIZE_DIALECT='postgres'
SEQUELIZE_HOST='127.0.0.1'
FACEBOOK_CLIENT_ID=123
FACEBOOK_CLIENT_SECRET=456
TWITTER_CLIENT_ID=123
TWITTER_CLIENT_SECRET=456
GOOGLE_CLIENT_ID=123
GOOGLE_CLIENT_SECRET=456
GITHUB_CLIENT_ID=123
GITHUB_CLIENT_SECRET=456
REDIS_SESSION_HOST='localhost'
REDIS_SESSION_PORT=6379
REDIS_SESSION_PASSWORD='1CO%3Hm%EkdYXWrYsDs7H%YMuKp4gqcJF0sI1iHybu7i9U6z'
REDIS_SESSION_DB=1
SESSION_SECRET='super-secret-key'
SESSION_MAX_AGE_MINUTES=1